#
# There is insufficient memory for the Java Runtime Environment to continue.
# Native memory allocation (mmap) failed to map 268435456 bytes for G1 virtual space
# Possible reasons:
#   The system is out of physical RAM or swap space
#   The process is running with CompressedOops enabled, and the Java Heap may be blocking the growth of the native heap
# Possible solutions:
#   Reduce memory load on the system
#   Increase physical memory or swap space
#   Check if swap backing store is full
#   Decrease Java heap size (-Xmx/-Xms)
#   Decrease number of Java threads
#   Decrease Java thread stack sizes (-Xss)
#   Set larger code cache with -XX:ReservedCodeCacheSize=
#   JVM is running with Zero Based Compressed Oops mode in which the Java heap is
#     placed in the first 32GB address space. The Java Heap base address is the
#     maximum limit for the native heap growth. Please use -XX:HeapBaseMinAddress
#     to set the Java Heap base and to place the Java Heap above 32GB virtual address.
# This output file may be truncated or incomplete.
#
#  Out of Memory Error (os_windows.cpp:3825), pid=67948, tid=52152
#
# JRE version:  (17.0.10+1) (build )
# Java VM: OpenJDK 64-Bit Server VM (17.0.10+1-b1087.17, mixed mode, sharing, tiered, compressed oops, compressed class ptrs, g1 gc, windows-amd64)
# No core dump will be written. Minidumps are not enabled by default on client versions of Windows
#

---------------  S U M M A R Y ------------

Command Line: -Dfile.encoding=GBK D:\harmony\DevEco_Studio\sdk\HarmonyOS-NEXT-DB2\openharmony\toolchains\lib\app_packing_tool.jar --mode hap --force true --lib-path D:\harmony\dev_projects\PlayHarmony\entry\build\default\intermediates\stripped_native_libs\default --json-path D:\harmony\dev_projects\PlayHarmony\entry\build\default\intermediates\package\default\module.json --resources-path D:\harmony\dev_projects\PlayHarmony\entry\build\default\intermediates\res\default\resources --index-path D:\harmony\dev_projects\PlayHarmony\entry\build\default\intermediates\res\default\resources.index --pack-info-path D:\harmony\dev_projects\PlayHarmony\entry\build\default\outputs\default\pack.info --out-path D:\harmony\dev_projects\PlayHarmony\entry\build\default\outputs\default\entry-default-unsigned.hap --ets-path D:\harmony\dev_projects\PlayHarmony\entry\build\default\intermediates\loader_out\default\ets

Host: AMD Ryzen 5 2600X Six-Core Processor           , 12 cores, 15G,  Windows 11 , 64 bit Build 22621 (10.0.22621.3958)
Time: Mon Jul 29 00:33:01 2024  Windows 11 , 64 bit Build 22621 (10.0.22621.3958) elapsed time: 0.011753 seconds (0d 0h 0m 0s)

---------------  T H R E A D  ---------------

Current thread (0x0000028f336146b0):  JavaThread "Unknown thread" [_thread_in_vm, id=52152, stack(0x000000be36000000,0x000000be36100000)]

Stack: [0x000000be36000000,0x000000be36100000]
Native frames: (J=compiled Java code, j=interpreted, Vv=VM code, C=native code)
V  [jvm.dll+0x688ac9]
V  [jvm.dll+0x84220a]
V  [jvm.dll+0x843e4e]
V  [jvm.dll+0x8444b3]
V  [jvm.dll+0x24ba8f]
V  [jvm.dll+0x685899]
V  [jvm.dll+0x67a14a]
V  [jvm.dll+0x30c7eb]
V  [jvm.dll+0x313c96]
V  [jvm.dll+0x363a2e]
V  [jvm.dll+0x363c5f]
V  [jvm.dll+0x2e25b8]
V  [jvm.dll+0x2e3524]
V  [jvm.dll+0x812d71]
V  [jvm.dll+0x3718e1]
V  [jvm.dll+0x7f18d6]
V  [jvm.dll+0x3f553f]
V  [jvm.dll+0x3f7171]
C  [jli.dll+0x528f]
C  [ucrtbase.dll+0x29333]
C  [KERNEL32.DLL+0x1257d]
C  [ntdll.dll+0x5af28]


---------------  P R O C E S S  ---------------

Threads class SMR info:
_java_thread_list=0x00007ffe6ba2ef58, length=0, elements={
}

Java Threads: ( => current thread )

Other Threads:
  0x0000028f3367e6e0 GCTaskThread "GC Thread#0" [stack: 0x000000be36100000,0x000000be36200000] [id=56424]
  0x0000028f3368f420 ConcurrentGCThread "G1 Main Marker" [stack: 0x000000be36200000,0x000000be36300000] [id=48280]
  0x0000028f3368fce0 ConcurrentGCThread "G1 Conc#0" [stack: 0x000000be36300000,0x000000be36400000] [id=64696]

[error occurred during error reporting (printing all threads), id 0xc0000005, EXCEPTION_ACCESS_VIOLATION (0xc0000005) at pc=0x00007ffe6b1e3187]

VM state: not at safepoint (not fully initialized)

VM Mutex/Monitor currently owned by a thread:  ([mutex/lock_event])
[0x0000028f33612a10] Heap_lock - owner thread: 0x0000028f336146b0

Heap address: 0x0000000700a00000, size: 4086 MB, Compressed Oops mode: Zero based, Oop shift amount: 3

CDS archive(s) mapped at: [0x0000000000000000-0x0000000000000000-0x0000000000000000), size 0, SharedBaseAddress: 0x0000000800000000, ArchiveRelocationMode: 1.
Narrow klass base: 0x0000000000000000, Narrow klass shift: 0, Narrow klass range: 0x0

GC Precious Log:
<Empty>

Heap:
 garbage-first heap   total 0K, used 0K [0x0000000700a00000, 0x0000000800000000)
  region size 2048K, 0 young (0K), 0 survivors (0K)
 Metaspace       used 0K, committed 0K, reserved 0K
  class space    used 0K, committed 0K, reserved 0K

Heap Regions: E=young(eden), S=young(survivor), O=old, HS=humongous(starts), HC=humongous(continues), CS=collection set, F=free, OA=open archive, CA=closed archive, TAMS=top-at-mark-start (previous, next)

Card table byte_map: [0x0000028f46ad0000,0x0000028f472d0000] _byte_map_base: 0x0000028f432cb000

Marking Bits (Prev, Next): (CMBitMap*) 0x0000028f3367eba0, (CMBitMap*) 0x0000028f3367ebe0
 Prev Bits: [0x0000028f47ad0000, 0x0000028f4baa8000)
 Next Bits: [0x0000028f4bab0000, 0x0000028f4fa88000)

GC Heap History (0 events):
No events

Dll operation events (1 events):
Event: 0.007 Loaded shared library D:\harmony\DevEco_Studio\jbr\bin\java.dll

Deoptimization events (0 events):
No events

Classes unloaded (0 events):
No events

Classes redefined (0 events):
No events

Internal exceptions (0 events):
No events

VM Operations (0 events):
No events

Events (0 events):
No events


Dynamic libraries:
0x00007ff633450000 - 0x00007ff63345a000 	D:\harmony\DevEco_Studio\jbr\bin\java.exe
0x00007ffed0d90000 - 0x00007ffed0fa7000 	C:\Windows\SYSTEM32\ntdll.dll
0x00007ffecfcc0000 - 0x00007ffecfd84000 	C:\Windows\System32\KERNEL32.DLL
0x00007ffece0b0000 - 0x00007ffece45d000 	C:\Windows\System32\KERNELBASE.dll
0x00007ffece7b0000 - 0x00007ffece8c1000 	C:\Windows\System32\ucrtbase.dll
0x00007ffec0280000 - 0x00007ffec029b000 	D:\harmony\DevEco_Studio\jbr\bin\VCRUNTIME140.dll
0x00007ffec5d50000 - 0x00007ffec5d67000 	D:\harmony\DevEco_Studio\jbr\bin\jli.dll
0x00007ffecfb10000 - 0x00007ffecfcbe000 	C:\Windows\System32\USER32.dll
0x00007ffece4d0000 - 0x00007ffece4f6000 	C:\Windows\System32\win32u.dll
0x00007ffecd2f0000 - 0x00007ffecd583000 	C:\Windows\WinSxS\amd64_microsoft.windows.common-controls_6595b64144ccf1df_6.0.22621.3672_none_2713b9d173822955\COMCTL32.dll
0x00007ffed0aa0000 - 0x00007ffed0ac9000 	C:\Windows\System32\GDI32.dll
0x00007ffecebe0000 - 0x00007ffecec87000 	C:\Windows\System32\msvcrt.dll
0x00007ffece500000 - 0x00007ffece619000 	C:\Windows\System32\gdi32full.dll
0x00007ffece620000 - 0x00007ffece6ba000 	C:\Windows\System32\msvcp_win.dll
0x00007ffecf1e0000 - 0x00007ffecf211000 	C:\Windows\System32\IMM32.DLL
0x00007ffec0170000 - 0x00007ffec017c000 	D:\harmony\DevEco_Studio\jbr\bin\vcruntime140_1.dll
0x00007ffe95510000 - 0x00007ffe9559d000 	D:\harmony\DevEco_Studio\jbr\bin\msvcp140.dll
0x00007ffe6aef0000 - 0x00007ffe6bb73000 	D:\harmony\DevEco_Studio\jbr\bin\server\jvm.dll
0x00007ffed00a0000 - 0x00007ffed0152000 	C:\Windows\System32\ADVAPI32.dll
0x00007ffecfef0000 - 0x00007ffecff99000 	C:\Windows\System32\sechost.dll
0x00007ffece6c0000 - 0x00007ffece6e8000 	C:\Windows\System32\bcrypt.dll
0x00007ffed0500000 - 0x00007ffed0614000 	C:\Windows\System32\RPCRT4.dll
0x00007ffec1430000 - 0x00007ffec1464000 	C:\Windows\SYSTEM32\WINMM.dll
0x00007ffe99a90000 - 0x00007ffe99a99000 	C:\Windows\SYSTEM32\WSOCK32.dll
0x00007ffecd9b0000 - 0x00007ffecd9fd000 	C:\Windows\SYSTEM32\POWRPROF.dll
0x00007ffecfe00000 - 0x00007ffecfe71000 	C:\Windows\System32\WS2_32.dll
0x00007ffec4cd0000 - 0x00007ffec4cda000 	C:\Windows\SYSTEM32\VERSION.dll
0x00007ffecd680000 - 0x00007ffecd693000 	C:\Windows\SYSTEM32\UMPDC.dll
0x00007ffecc7c0000 - 0x00007ffecc7d8000 	C:\Windows\SYSTEM32\kernel.appcore.dll
0x00007ffec9000000 - 0x00007ffec900a000 	D:\harmony\DevEco_Studio\jbr\bin\jimage.dll
0x00007ffecda00000 - 0x00007ffecdc32000 	C:\Windows\SYSTEM32\DBGHELP.DLL
0x00007ffed0160000 - 0x00007ffed04ed000 	C:\Windows\System32\combase.dll
0x00007ffeceae0000 - 0x00007ffecebb7000 	C:\Windows\System32\OLEAUT32.dll
0x00007ffecd8a0000 - 0x00007ffecd8d2000 	C:\Windows\SYSTEM32\dbgcore.DLL
0x00007ffecea40000 - 0x00007ffeceabb000 	C:\Windows\System32\bcryptPrimitives.dll
0x00007ffec3ea0000 - 0x00007ffec3ec5000 	D:\harmony\DevEco_Studio\jbr\bin\java.dll

dbghelp: loaded successfully - version: 4.0.5 - missing functions: none
symbol engine: initialized successfully - sym options: 0x614 - pdb path: .;D:\harmony\DevEco_Studio\jbr\bin;C:\Windows\SYSTEM32;C:\Windows\WinSxS\amd64_microsoft.windows.common-controls_6595b64144ccf1df_6.0.22621.3672_none_2713b9d173822955;D:\harmony\DevEco_Studio\jbr\bin\server

VM Arguments:
jvm_args: -Dfile.encoding=GBK 
java_command: D:\harmony\DevEco_Studio\sdk\HarmonyOS-NEXT-DB2\openharmony\toolchains\lib\app_packing_tool.jar --mode hap --force true --lib-path D:\harmony\dev_projects\PlayHarmony\entry\build\default\intermediates\stripped_native_libs\default --json-path D:\harmony\dev_projects\PlayHarmony\entry\build\default\intermediates\package\default\module.json --resources-path D:\harmony\dev_projects\PlayHarmony\entry\build\default\intermediates\res\default\resources --index-path D:\harmony\dev_projects\PlayHarmony\entry\build\default\intermediates\res\default\resources.index --pack-info-path D:\harmony\dev_projects\PlayHarmony\entry\build\default\outputs\default\pack.info --out-path D:\harmony\dev_projects\PlayHarmony\entry\build\default\outputs\default\entry-default-unsigned.hap --ets-path D:\harmony\dev_projects\PlayHarmony\entry\build\default\intermediates\loader_out\default\ets
java_class_path (initial): D:\harmony\DevEco_Studio\sdk\HarmonyOS-NEXT-DB2\openharmony\toolchains\lib\app_packing_tool.jar
Launcher Type: SUN_STANDARD

[Global flags]
     intx CICompilerCount                          = 4                                         {product} {ergonomic}
     uint ConcGCThreads                            = 3                                         {product} {ergonomic}
     uint G1ConcRefinementThreads                  = 10                                        {product} {ergonomic}
   size_t G1HeapRegionSize                         = 2097152                                   {product} {ergonomic}
    uintx GCDrainStackTargetSize                   = 64                                        {product} {ergonomic}
   size_t InitialHeapSize                          = 268435456                                 {product} {ergonomic}
   size_t MarkStackSize                            = 4194304                                   {product} {ergonomic}
   size_t MaxHeapSize                              = 4284481536                                {product} {ergonomic}
   size_t MinHeapDeltaBytes                        = 2097152                                   {product} {ergonomic}
   size_t MinHeapSize                              = 8388608                                   {product} {ergonomic}
    uintx NonNMethodCodeHeapSize                   = 5839372                                {pd product} {ergonomic}
    uintx NonProfiledCodeHeapSize                  = 122909434                              {pd product} {ergonomic}
    uintx ProfiledCodeHeapSize                     = 122909434                              {pd product} {ergonomic}
    uintx ReservedCodeCacheSize                    = 251658240                              {pd product} {ergonomic}
     bool SegmentedCodeCache                       = true                                      {product} {ergonomic}
   size_t SoftMaxHeapSize                          = 4284481536                             {manageable} {ergonomic}
     bool UseCompressedClassPointers               = true                           {product lp64_product} {ergonomic}
     bool UseCompressedOops                        = true                           {product lp64_product} {ergonomic}
     bool UseG1GC                                  = true                                      {product} {ergonomic}
     bool UseLargePagesIndividualAllocation        = false                                  {pd product} {ergonomic}

Logging:
Log output configuration:
 #0: stdout all=warning uptime,level,tags
 #1: stderr all=off uptime,level,tags

Environment Variables:
JAVA_HOME=D:\harmony\DevEco_Studio\jbr
PATH=D:\harmony\DevEco_Studio\tools\node;D:\harmony\DevEco_Studio\jbr\bin;D:\java_home/bin;C:\Windows\System32\WindowsPowerShell\v1.0;D:\Python38\Scripts\;D:\Python38\;C:\Windows\system32;C:\Windows;C:\Windows\System32\Wbem;C:\Windows\System32\OpenSSH\;E:\common\Bandizip\;C:\Program Files\Docker\Docker\resources\bin;E:\common\nvm;D:\go\bin;C:\Program Files\NVIDIA Corporation\NVIDIA NvDLISR;D:\flutter\bin;E:\android_sdk;D:\toolbox\apps\AndroidStudio\ch-0\221.6008.13.2211.9619390\jbr;D:\toolbox\apps\AndroidStudio\ch-0\221.6008.13.2211.9619390\jbr\bin;E:\ffmpeg\bin;E:\common\nvm;D:\nodejs;E:\common\Git\cmd;E:\common\微信web开发者工具\dll;D:\chocolatey\bin;D:\harmony\ohpm\bin;C:\Users\congduan\AppData\Local\Microsoft\WindowsApps;C:\Users\congduan\AppData\Local\JetBrains\To;D:\jvms\jvms.exe;C:\Users\congduan\AppData\Local\Microsoft\WindowsApps;C:\Users\congduan\AppData\Local\JetBrains\Toolbox\scripts;E:\common\nvm;D:\nodejs;C:\Users\congduan\AppData\Local\Microsoft\WindowsApps;C:\;C:\Users\congduan\AppData\Local\Microsoft\WindowsApps;C:\Users\congduan\AppData\Local\JetBrains\Toolbox\scripts;E:\common\nvm;D:\nodejs;D:\Microsoft VS Code\bin;D:\go\bin;D:\go_projects\bin;;D:\harmony\DevEco_Studio\bin;;C:\tools\dart-sdk\bin;C:\Users\congduan\AppData\Local\Pub\Cache\bin
USERNAME=congduan
OS=Windows_NT
PROCESSOR_IDENTIFIER=AMD64 Family 23 Model 8 Stepping 2, AuthenticAMD
TMP=C:\Users\congduan\AppData\Local\Temp
TEMP=C:\Users\congduan\AppData\Local\Temp



Periodic native trim disabled

JNI global refs:
JNI global refs: 0, weak refs: 0

JNI global refs memory usage: 0, weak refs: 0

OOME stack traces (most recent first):
Classloader memory used:


---------------  S Y S T E M  ---------------

OS:
 Windows 11 , 64 bit Build 22621 (10.0.22621.3958)
OS uptime: 2 days 1:30 hours
Hyper-V role detected

CPU: total 12 (initial active 12) (12 cores per cpu, 2 threads per core) family 23 model 8 stepping 2 microcode 0x0, cx8, cmov, fxsr, ht, mmx, 3dnowpref, sse, sse2, sse3, ssse3, sse4a, sse4.1, sse4.2, popcnt, lzcnt, tsc, tscinvbit, avx, avx2, aes, clmul, bmi1, bmi2, adx, sha, fma, vzeroupper, clflush, clflushopt, hv
Processor Information for all 12 processors :
  Max Mhz: 3600, Current Mhz: 3600, Mhz Limit: 3600

Memory: 4k page, system-wide physical 16336M (901M free)
TotalPageFile size 33154M (AvailPageFile size 97M)
current process WorkingSet (physical memory assigned to process): 11M, peak: 11M
current process commit charge ("private bytes"): 64M, peak: 320M

vm_info: OpenJDK 64-Bit Server VM (17.0.10+1-b1087.17) for windows-amd64 JRE (17.0.10+1-b1087.17), built on 2024-01-19 by "builduser" with MS VC++ 16.10 / 16.11 (VS2019)

END.
